2024-06-24 18:08:06,499 p=3444395 u=upszot n=ansible | [WARNING]: A duplicate localhost-like entry was found (localhost). First found localhost was 127.0.0.1

2024-06-24 18:08:06,598 p=3444395 u=upszot n=ansible | PLAY [all] **********************************************************************************************************************************************************************************************************************************
2024-06-24 18:08:06,609 p=3444395 u=upszot n=ansible | TASK [Gathering Facts] **********************************************************************************************************************************************************************************************************************
2024-06-24 18:08:07,746 p=3444395 u=upszot n=ansible | ok: [localhost]
2024-06-24 18:08:07,775 p=3444395 u=upszot n=ansible | TASK [include_role : 2do_parcial] ***********************************************************************************************************************************************************************************************************
2024-06-24 18:08:07,805 p=3444395 u=upszot n=ansible | TASK [2do_parcial : debug] ******************************************************************************************************************************************************************************************************************
2024-06-24 18:08:07,817 p=3444395 u=upszot n=ansible | ok: [localhost] => {
    "msg": "Tareas del 2do Parcial"
}
2024-06-24 18:08:07,836 p=3444395 u=upszot n=ansible | TASK [Otra tarea] ***************************************************************************************************************************************************************************************************************************
2024-06-24 18:08:07,851 p=3444395 u=upszot n=ansible | ok: [localhost] => {
    "msg": "Despues de la ejecucion del rol"
}
2024-06-24 18:08:07,885 p=3444395 u=upszot n=ansible | PLAY RECAP **********************************************************************************************************************************************************************************************************************************
2024-06-24 18:08:07,885 p=3444395 u=upszot n=ansible | localhost                  : ok=3    changed=0    unreachable=0    failed=0    skipped=0    rescued=0    ignored=0   
2025-11-18 18:31:28,066 p=5697 u=valen n=ansible | ERROR! the role 'punto_d' was not found in /home/valen/UTNFRA_SO_2do_TP_Vazquez/202406/ansible/playbooks/roles:/tmp:/home/valen/UTNFRA_SO_2do_TP_Vazquez/202406:/home/valen/UTNFRA_SO_2do_TP_Vazquez/202406/ansible/playbooks

The error appears to be in '/home/valen/UTNFRA_SO_2do_TP_Vazquez/202406/ansible/playbooks/punto_d_play.yml': line 8, column 7, but may
be elsewhere in the file depending on the exact syntax problem.

The offending line appears to be:

  roles:
    - role: punto_d
      ^ here

2025-11-18 18:33:52,016 p=5708 u=valen n=ansible | PLAY [Ejecutar Punto D (local)] ************************************************
2025-11-18 18:33:52,075 p=5708 u=valen n=ansible | TASK [Gathering Facts] *********************************************************
2025-11-18 18:33:54,936 p=5708 u=valen n=ansible | ok: [localhost]
2025-11-18 18:33:54,963 p=5708 u=valen n=ansible | TASK [punto_d : Asegurar que el grupo de supervisores exista] ******************
2025-11-18 18:33:55,067 p=5708 u=valen n=ansible | fatal: [localhost]: FAILED! => {"msg": "The task includes an option with an undefined variable. The error was: 'supervisors_group' is undefined\n\nThe error appears to be in '/home/valen/UTNFRA_SO_2do_TP_Vazquez/202406/ansible/roles/punto_d/tasks/main.yml': line 2, column 3, but may\nbe elsewhere in the file depending on the exact syntax problem.\n\nThe offending line appears to be:\n\n---\n- name: Asegurar que el grupo de supervisores exista\n  ^ here\n"}
2025-11-18 18:33:55,069 p=5708 u=valen n=ansible | PLAY RECAP *********************************************************************
2025-11-18 18:33:55,070 p=5708 u=valen n=ansible | localhost                  : ok=1    changed=0    unreachable=0    failed=1    skipped=0    rescued=0    ignored=0   
2025-11-18 18:35:10,021 p=5783 u=valen n=ansible | PLAY [Ejecutar Punto D (local)] ************************************************
2025-11-18 18:35:10,046 p=5783 u=valen n=ansible | TASK [Gathering Facts] *********************************************************
2025-11-18 18:35:12,302 p=5783 u=valen n=ansible | ok: [localhost]
2025-11-18 18:35:12,328 p=5783 u=valen n=ansible | TASK [punto_d : Asegurar que el grupo de supervisores exista] ******************
2025-11-18 18:35:13,239 p=5783 u=valen n=ansible | changed: [localhost]
2025-11-18 18:35:13,254 p=5783 u=valen n=ansible | TASK [punto_d : Crear estructura de directorios] *******************************
2025-11-18 18:35:13,951 p=5783 u=valen n=ansible | changed: [localhost] => (item=alumno)
2025-11-18 18:35:14,354 p=5783 u=valen n=ansible | changed: [localhost] => (item=equipo)
2025-11-18 18:35:14,379 p=5783 u=valen n=ansible | TASK [punto_d : Generar datos_alumno.txt desde plantilla] **********************
2025-11-18 18:35:14,544 p=5783 u=valen n=ansible | fatal: [localhost]: FAILED! => {"changed": false, "msg": "AnsibleUndefinedVariable: 'alumno_valentin' is undefined"}
2025-11-18 18:35:14,549 p=5783 u=valen n=ansible | PLAY RECAP *********************************************************************
2025-11-18 18:35:14,549 p=5783 u=valen n=ansible | localhost                  : ok=3    changed=2    unreachable=0    failed=1    skipped=0    rescued=0    ignored=0   
2025-11-18 18:38:20,007 p=6293 u=valen n=ansible | PLAY [Ejecutar Punto D (local)] ************************************************
2025-11-18 18:38:20,045 p=6293 u=valen n=ansible | TASK [Gathering Facts] *********************************************************
2025-11-18 18:38:22,601 p=6293 u=valen n=ansible | ok: [localhost]
2025-11-18 18:38:22,681 p=6293 u=valen n=ansible | TASK [punto_d : Asegurar que el grupo de supervisores exista] ******************
2025-11-18 18:38:23,914 p=6293 u=valen n=ansible | ok: [localhost]
2025-11-18 18:38:23,930 p=6293 u=valen n=ansible | TASK [punto_d : Crear estructura de directorios] *******************************
2025-11-18 18:38:24,630 p=6293 u=valen n=ansible | ok: [localhost] => (item=alumno)
2025-11-18 18:38:25,027 p=6293 u=valen n=ansible | ok: [localhost] => (item=equipo)
2025-11-18 18:38:25,050 p=6293 u=valen n=ansible | TASK [punto_d : Generar datos_alumno.txt desde plantilla] **********************
2025-11-18 18:38:25,212 p=6293 u=valen n=ansible | fatal: [localhost]: FAILED! => {"changed": false, "msg": "AnsibleUndefinedVariable: 'alumno_valentin' is undefined"}
2025-11-18 18:38:25,215 p=6293 u=valen n=ansible | PLAY RECAP *********************************************************************
2025-11-18 18:38:25,215 p=6293 u=valen n=ansible | localhost                  : ok=3    changed=0    unreachable=0    failed=1    skipped=0    rescued=0    ignored=0   
2025-11-18 18:42:06,187 p=6415 u=valen n=ansible | PLAY [Ejecutar Punto D (local)] ************************************************
2025-11-18 18:42:06,200 p=6415 u=valen n=ansible | TASK [Gathering Facts] *********************************************************
2025-11-18 18:42:07,429 p=6415 u=valen n=ansible | ok: [localhost]
2025-11-18 18:42:07,490 p=6415 u=valen n=ansible | TASK [punto_d : Asegurar que el grupo de supervisores exista] ******************
2025-11-18 18:42:08,126 p=6415 u=valen n=ansible | ok: [localhost]
2025-11-18 18:42:08,135 p=6415 u=valen n=ansible | TASK [punto_d : Crear estructura de directorios] *******************************
2025-11-18 18:42:08,625 p=6415 u=valen n=ansible | ok: [localhost] => (item=alumno)
2025-11-18 18:42:08,892 p=6415 u=valen n=ansible | ok: [localhost] => (item=equipo)
2025-11-18 18:42:08,904 p=6415 u=valen n=ansible | TASK [punto_d : Generar datos_alumno.txt desde plantilla] **********************
2025-11-18 18:42:09,854 p=6415 u=valen n=ansible | changed: [localhost]
2025-11-18 18:42:09,863 p=6415 u=valen n=ansible | TASK [punto_d : Generar datos_equipo.txt desde plantilla] **********************
2025-11-18 18:42:10,391 p=6415 u=valen n=ansible | changed: [localhost]
2025-11-18 18:42:10,400 p=6415 u=valen n=ansible | TASK [punto_d : Crear archivo sudoers para el grupo 2PSupervisores] ************
2025-11-18 18:42:10,988 p=6415 u=valen n=ansible | changed: [localhost]
2025-11-18 18:42:11,002 p=6415 u=valen n=ansible | PLAY RECAP *********************************************************************
2025-11-18 18:42:11,003 p=6415 u=valen n=ansible | localhost                  : ok=6    changed=3    unreachable=0    failed=0    skipped=0    rescued=0    ignored=0   
2025-11-18 18:46:34,366 p=6634 u=valen n=ansible | PLAY [Ejecutar Punto D (local)] ************************************************
2025-11-18 18:46:34,382 p=6634 u=valen n=ansible | TASK [Gathering Facts] *********************************************************
2025-11-18 18:46:35,662 p=6634 u=valen n=ansible | ok: [localhost]
2025-11-18 18:46:35,675 p=6634 u=valen n=ansible | TASK [punto_d : Asegurar que el grupo de supervisores exista] ******************
2025-11-18 18:46:36,072 p=6634 u=valen n=ansible | ok: [localhost]
2025-11-18 18:46:36,081 p=6634 u=valen n=ansible | TASK [punto_d : Crear estructura de directorios] *******************************
2025-11-18 18:46:36,537 p=6634 u=valen n=ansible | ok: [localhost] => (item=alumno)
2025-11-18 18:46:36,769 p=6634 u=valen n=ansible | ok: [localhost] => (item=equipo)
2025-11-18 18:46:36,778 p=6634 u=valen n=ansible | TASK [punto_d : Generar datos_alumno.txt desde plantilla] **********************
2025-11-18 18:46:37,631 p=6634 u=valen n=ansible | ok: [localhost]
2025-11-18 18:46:37,642 p=6634 u=valen n=ansible | TASK [punto_d : Generar datos_equipo.txt desde plantilla] **********************
2025-11-18 18:46:38,277 p=6634 u=valen n=ansible | changed: [localhost]
2025-11-18 18:46:38,286 p=6634 u=valen n=ansible | TASK [punto_d : Crear archivo sudoers para el grupo 2PSupervisores] ************
2025-11-18 18:46:38,886 p=6634 u=valen n=ansible | ok: [localhost]
2025-11-18 18:46:38,901 p=6634 u=valen n=ansible | PLAY RECAP *********************************************************************
2025-11-18 18:46:38,901 p=6634 u=valen n=ansible | localhost                  : ok=6    changed=1    unreachable=0    failed=0    skipped=0    rescued=0    ignored=0   
